#
# A fatal error has been detected by the Java Runtime Environment:
#
#  SIGSEGV (0xb) at pc=0x0000000110d74530, pid=70608, tid=20995
#
# JRE version: Java(TM) SE Runtime Environment (9.0+11) (build 9.0.1+11)
# Java VM: Java HotSpot(TM) 64-Bit Server VM (9.0.1+11, mixed mode, tiered, compressed oops, g1 gc, bsd-amd64)
# Problematic frame:
# V  [libjvm.dylib+0x6c3530]  SymbolTable::buckets_unlink(int, int, BasicHashtable<(MemoryType)9>::BucketUnlinkContext*)+0x3a
#
# No core dump will be written. Core dumps have been disabled. To enable core dumping, try "ulimit -c unlimited" before starting Java again
#
# If you would like to submit a bug report, please visit:
#   http://bugreport.java.com/bugreport/crash.jsp
#

---------------  S U M M A R Y ------------

Command Line: -Dfile.encoding=UTF-8 atmMachine.Account

Host: MacBookAir7,2 x86_64 1600 MHz, 4 cores, 8G, Darwin 17.7.0
Time: Mon May 13 20:36:49 2019 EDT elapsed time: 56015 seconds (0d 15h 33m 35s)

---------------  T H R E A D  ---------------

Current thread (0x00007fae4f80d800):  GCTaskThread "GC Thread#3" [stack: 0x000070000edfe000,0x000070000eefe000] [id=20995]

Stack: [0x000070000edfe000,0x000070000eefe000],  sp=0x000070000eefdd70,  free space=1023k
Native frames: (J=compiled Java code, A=aot compiled Java code, j=interpreted, Vv=VM code, C=native code)
V  [libjvm.dylib+0x6c3530]  SymbolTable::buckets_unlink(int, int, BasicHashtable<(MemoryType)9>::BucketUnlinkContext*)+0x3a
V  [libjvm.dylib+0x6c3663]  SymbolTable::possibly_parallel_unlink(int*, int*)+0x61
V  [libjvm.dylib+0x2ff7c9]  G1StringSymbolTableUnlinkTask::work(unsigned int)+0xa9
V  [libjvm.dylib+0x2ff902]  G1ParallelCleaningTask::work(unsigned int)+0x30
V  [libjvm.dylib+0x760071]  GangWorker::loop()+0x43
V  [libjvm.dylib+0x5ef563]  thread_native_entry(Thread*)+0x12b
C  [libsystem_pthread.dylib+0x3661]  _pthread_body+0x154
C  [libsystem_pthread.dylib+0x350d]  _pthread_body+0x0
C  [libsystem_pthread.dylib+0x2bf9]  thread_start+0xd


siginfo: si_signo: 11 (SIGSEGV), si_code: 1 (SEGV_MAPERR), si_addr: 0x00007fae4f0855d0

Register to memory mapping:

RAX=0x0000000132dc4000 is an unknown value
RBX=0x00007fae4f0855c8 is an unknown value
RCX=0x0000000000000001 is an unknown value
RDX=0x000070000eefddc0 is an unknown value
RSP=0x000070000eefdd70 is an unknown value
RBP=0x000070000eefdda0 is an unknown value
RSI=0x0000000000000800 is an unknown value
RDI=0x00007fae5008f4e0 is an unknown value
R8 =0x0000000110fe051a: AssumeMP+0 in /Library/Java/JavaVirtualMachines/jdk-9.0.1.jdk/Contents/Home/lib/server/libjvm.dylib at 0x00000001106b1000
R9 =0x0000000110ff4ea0: _ZN2os16_processor_countE+0 in /Library/Java/JavaVirtualMachines/jdk-9.0.1.jdk/Contents/Home/lib/server/libjvm.dylib at 0x00000001106b1000
R10=0x00007fae4f4408e0 is an unknown value
R11=0x00007fae5082e5b8 is an unknown value
R12=0x00000000000007f7 is an unknown value
R13=0x0000000110fa7278: _ZN19RehashableHashtableIP6SymbolL10MemoryType9EE5_seedE+0 in /Library/Java/JavaVirtualMachines/jdk-9.0.1.jdk/Contents/Home/lib/server/libjvm.dylib at 0x00000001106b1000
R14=0x00007fae4f887bf0 is an unknown value
R15=0x000070000eefddc0 is an unknown value


Registers:
RAX=0x0000000132dc4000, RBX=0x00007fae4f0855c8, RCX=0x0000000000000001, RDX=0x000070000eefddc0
RSP=0x000070000eefdd70, RBP=0x000070000eefdda0, RSI=0x0000000000000800, RDI=0x00007fae5008f4e0
R8 =0x0000000110fe051a, R9 =0x0000000110ff4ea0, R10=0x00007fae4f4408e0, R11=0x00007fae5082e5b8
R12=0x00000000000007f7, R13=0x0000000110fa7278, R14=0x00007fae4f887bf0, R15=0x000070000eefddc0
RIP=0x0000000110d74530, EFLAGS=0x0000000000010202, ERR=0x0000000000000004
  TRAPNO=0x000000000000000e

Top of Stack: (sp=0x000070000eefdd70)
0x000070000eefdd70:   0000080000000001 000070000eefddc0
0x000070000eefdd80:   0000000110fe051a 0000000110ff4ea0
0x000070000eefdd90:   0000000000004e2b 0000000110ff7b30
0x000070000eefdda0:   000070000eefde00 0000000110d74663
0x000070000eefddb0:   000070000eefde1c 000070000eefde18
0x000070000eefddc0:   0000000000000382 0000000000000000
0x000070000eefddd0:   0000000000000000 000070000f7155d0
0x000070000eefdde0:   0000000000000003 0000000000000000
0x000070000eefddf0:   000070000f7155b8 000070000f715610
0x000070000eefde00:   000070000eefde30 00000001109b07c9
0x000070000eefde10:   000070000eefde30 0000000000000000
0x000070000eefde20:   0000060700000051 0000000000000003
0x000070000eefde30:   000070000eefde60 00000001109b0902
0x000070000eefde40:   0000000110f9a010 000070000f7155b8
0x000070000eefde50:   000070000eefde78 00007fae4f80d800
0x000070000eefde60:   000070000eefdea0 0000000110e11071
0x000070000eefde70:   00007fae4f80d800 00007fae00000425
0x000070000eefde80:   00007fae4f414ed0 00007fae4f414f40
0x000070000eefde90:   00007fae4f80d800 000000000090312b
0x000070000eefdea0:   000070000eefdef0 0000000110ca0563
0x000070000eefdeb0:   0000000600000000 000000000090312b
0x000070000eefdec0:   000070000eefe0e0 000070000eefe180
0x000070000eefded0:   000070000eefe000 0000000110ca0438
0x000070000eefdee0:   000070000eefe000 0000000000000000
0x000070000eefdef0:   000070000eefdf20 00007fff69e0b661
0x000070000eefdf00:   0000000000000001 000070000eefe000
0x000070000eefdf10:   000000001c0008ff 00007fae4f80d800
0x000070000eefdf20:   000070000eefdf50 00007fff69e0b50d
0x000070000eefdf30:   0000000000000000 0000000000000000
0x000070000eefdf40:   0000000000000000 0000000000000000
0x000070000eefdf50:   000070000eefdf78 00007fff69e0abf9
0x000070000eefdf60:   0000000000000000 0000000000000000 

Instructions: (pc=0x0000000110d74530)
0x0000000110d74510:   e7 4c 8d 2d 60 2d 23 00 48 8b 05 c9 35 28 00 48
0x0000000110d74520:   8b 40 08 4a 8b 1c e0 48 85 db 74 52 4e 8d 34 e0
0x0000000110d74530:   f6 43 08 01 74 08 41 8b 45 00 85 c0 74 40 48 8b
0x0000000110d74540:   7b 10 41 ff 07 66 83 7f 02 00 74 09 48 83 c3 08 


---------------  P R O C E S S  ---------------

Java Threads: ( => current thread )
  0x00007fae4f81a000 JavaThread "Service Thread" daemon [_thread_blocked, id=41987, stack(0x000070000ff31000,0x0000700010031000)]
  0x00007fae50853000 JavaThread "Common-Cleaner" daemon [_thread_blocked, id=22531, stack(0x000070000fe2e000,0x000070000ff2e000)]
  0x00007fae4f88d800 JavaThread "Sweeper thread" daemon [_thread_blocked, id=42499, stack(0x000070000fd2b000,0x000070000fe2b000)]
  0x00007fae50042800 JavaThread "C1 CompilerThread2" daemon [_thread_blocked, id=42755, stack(0x000070000fc28000,0x000070000fd28000)]
  0x00007fae51006800 JavaThread "C2 CompilerThread1" daemon [_thread_blocked, id=22019, stack(0x000070000fb25000,0x000070000fc25000)]
  0x00007fae5083f800 JavaThread "C2 CompilerThread0" daemon [_thread_blocked, id=21763, stack(0x000070000fa22000,0x000070000fb22000)]
  0x00007fae51005800 JavaThread "Signal Dispatcher" daemon [_thread_blocked, id=15367, stack(0x000070000f91f000,0x000070000fa1f000)]
  0x00007fae5003a800 JavaThread "Finalizer" daemon [_thread_blocked, id=13827, stack(0x000070000f81c000,0x000070000f91c000)]
  0x00007fae50034000 JavaThread "Reference Handler" daemon [_thread_blocked, id=13315, stack(0x000070000f719000,0x000070000f819000)]
  0x00007fae50801800 JavaThread "main" [_thread_blocked, id=6403, stack(0x000070000e9f2000,0x000070000eaf2000)]

Other Threads:
  0x00007fae51004800 VMThread "VM Thread" [stack: 0x000070000f616000,0x000070000f716000] [id=17923]
  0x00007fae50056800 WatcherThread [stack: 0x0000700010034000,0x0000700010134000] [id=41475]
  0x00007fae50006800 GCTaskThread "GC Thread#0" [stack: 0x000070000eaf5000,0x000070000ebf5000] [id=10755]
  0x00007fae50007000 GCTaskThread "GC Thread#1" [stack: 0x000070000ebf8000,0x000070000ecf8000] [id=11011]
  0x00007fae4f80d000 GCTaskThread "GC Thread#2" [stack: 0x000070000ecfb000,0x000070000edfb000] [id=21251]
=>0x00007fae4f80d800 GCTaskThread "GC Thread#3" [stack: 0x000070000edfe000,0x000070000eefe000] [id=20995]
  0x00007fae50030800 ConcurrentGCThread "G1 Main Marker" [stack: 0x000070000f410000,0x000070000f510000] [id=12547]
  0x00007fae50031000 ConcurrentGCThread "G1 Marker#0" [stack: 0x000070000f513000,0x000070000f613000] [id=13059]
  0x00007fae50007800 ConcurrentGCThread "G1 Refine#0" [stack: 0x000070000f20a000,0x000070000f30a000] [id=11779]
  0x00007fae50011000 ConcurrentGCThread "G1 Refine#1" [stack: 0x000070000f107000,0x000070000f207000] [id=19459]
  0x00007fae4f80e800 ConcurrentGCThread "G1 Refine#2" [stack: 0x000070000f004000,0x000070000f104000] [id=19971]
  0x00007fae5080a800 ConcurrentGCThread "G1 Refine#3" [stack: 0x000070000ef01000,0x000070000f001000] [id=20483]
  0x00007fae50008800 ConcurrentGCThread "G1 Young RemSet Sampling" [stack: 0x000070000f30d000,0x000070000f40d000] [id=18947]

Threads with active compile tasks:

VM state:at safepoint (normal execution)

VM Mutex/Monitor currently owned by a thread:  ([mutex/lock_event])
[0x00007fae4f411910] Threads_lock - owner thread: 0x00007fae51004800
[0x00007fae4f411e10] Heap_lock - owner thread: 0x00007fae50030800

Heap address: 0x0000000740000000, size: 2048 MB, Compressed Oops mode: Zero based, Oop shift amount: 3
Narrow klass base: 0x0000000000000000, Narrow klass shift: 3
Compressed class space size: 1073741824 Address: 0x00000007c0000000

Heap:
 garbage-first heap   total 131072K, used 64088K [0x0000000740000000, 0x0000000740100400, 0x00000007c0000000)
  region size 1024K, 7 young (7168K), 1 survivors (1024K)
 Metaspace       used 6416K, capacity 6550K, committed 6784K, reserved 1056768K
  class space    used 523K, capacity 549K, committed 640K, reserved 1048576K
Heap Regions: E=young(eden), S=young(survivor), O=old, HS=humongous(starts), HC=humongous(continues), CS=collection set, F=free, A=archive, TS=gc time stamp, AC=allocation context, TAMS=top-at-mark-start (previous, next)
|   0|0x0000000740000000, 0x0000000740100000, 0x0000000740100000|100%| O|  |TS  7|AC  0|TAMS 0x0000000740000000, 0x0000000740100000|
|   1|0x0000000740100000, 0x0000000740200000, 0x0000000740200000|100%| O|  |TS  7|AC  0|TAMS 0x0000000740100000, 0x0000000740200000|
|   2|0x0000000740200000, 0x0000000740300000, 0x0000000740300000|100%| O|  |TS  9|AC  0|TAMS 0x0000000740200000, 0x0000000740300000|
|   3|0x0000000740300000, 0x0000000740400000, 0x0000000740400000|100%| O|  |TS  9|AC  0|TAMS 0x0000000740300000, 0x0000000740400000|
|   4|0x0000000740400000, 0x0000000740500000, 0x0000000740500000|100%| O|  |TS  9|AC  0|TAMS 0x0000000740400000, 0x0000000740500000|
|   5|0x0000000740500000, 0x0000000740600000, 0x0000000740600000|100%| O|  |TS 19|AC  0|TAMS 0x0000000740500000, 0x0000000740600000|
|   6|0x0000000740600000, 0x0000000740700000, 0x0000000740700000|100%| O|  |TS 27|AC  0|TAMS 0x0000000740600000, 0x0000000740700000|
|   7|0x0000000740700000, 0x0000000740800000, 0x0000000740800000|100%| O|  |TS 37|AC  0|TAMS 0x0000000740700000, 0x0000000740800000|
|   8|0x0000000740800000, 0x0000000740900000, 0x0000000740900000|100%| O|  |TS 41|AC  0|TAMS 0x0000000740800000, 0x0000000740900000|
|   9|0x0000000740900000, 0x0000000740a00000, 0x0000000740a00000|100%| O|  |TS 43|AC  0|TAMS 0x0000000740900000, 0x0000000740a00000|
|  10|0x0000000740a00000, 0x0000000740b00000, 0x0000000740b00000|100%| O|  |TS 49|AC  0|TAMS 0x0000000740a00000, 0x0000000740b00000|
|  11|0x0000000740b00000, 0x0000000740c00000, 0x0000000740c00000|100%| O|  |TS 55|AC  0|TAMS 0x0000000740b00000, 0x0000000740c00000|
|  12|0x0000000740c00000, 0x0000000740d00000, 0x0000000740d00000|100%| O|  |TS 63|AC  0|TAMS 0x0000000740c00000, 0x0000000740d00000|
|  13|0x0000000740d00000, 0x0000000740e00000, 0x0000000740e00000|100%| O|  |TS 73|AC  0|TAMS 0x0000000740d00000, 0x0000000740e00000|
|  14|0x0000000740e00000, 0x0000000740f00000, 0x0000000740f00000|100%| O|  |TS 85|AC  0|TAMS 0x0000000740e00000, 0x0000000740f00000|
|  15|0x0000000740f00000, 0x0000000741000000, 0x0000000741000000|100%| O|  |TS 99|AC  0|TAMS 0x0000000740f00000, 0x0000000741000000|
|  16|0x0000000741000000, 0x0000000741100000, 0x0000000741100000|100%| O|  |TS115|AC  0|TAMS 0x0000000741000000, 0x0000000741100000|
|  17|0x0000000741100000, 0x0000000741200000, 0x0000000741200000|100%| O|  |TS133|AC  0|TAMS 0x0000000741100000, 0x0000000741200000|
|  18|0x0000000741200000, 0x0000000741300000, 0x0000000741300000|100%| O|  |TS153|AC  0|TAMS 0x0000000741200000, 0x0000000741300000|
|  19|0x0000000741300000, 0x0000000741400000, 0x0000000741400000|100%| O|  |TS177|AC  0|TAMS 0x0000000741300000, 0x0000000741400000|
|  20|0x0000000741400000, 0x0000000741500000, 0x0000000741500000|100%| O|  |TS203|AC  0|TAMS 0x0000000741400000, 0x0000000741500000|
|  21|0x0000000741500000, 0x0000000741600000, 0x0000000741600000|100%| O|  |TS233|AC  0|TAMS 0x0000000741500000, 0x0000000741600000|
|  22|0x0000000741600000, 0x0000000741700000, 0x0000000741700000|100%| O|  |TS267|AC  0|TAMS 0x0000000741600000, 0x0000000741700000|
|  23|0x0000000741700000, 0x0000000741800000, 0x0000000741800000|100%| O|  |TS303|AC  0|TAMS 0x0000000741700000, 0x0000000741800000|
|  24|0x0000000741800000, 0x0000000741900000, 0x0000000741900000|100%| O|  |TS341|AC  0|TAMS 0x0000000741800000, 0x0000000741900000|
|  25|0x0000000741900000, 0x0000000741a00000, 0x0000000741a00000|100%| O|  |TS385|AC  0|TAMS 0x0000000741900000, 0x0000000741a00000|
|  26|0x0000000741a00000, 0x0000000741b00000, 0x0000000741b00000|100%| O|  |TS431|AC  0|TAMS 0x0000000741a00000, 0x0000000741b00000|
|  27|0x0000000741b00000, 0x0000000741c00000, 0x0000000741c00000|100%| O|  |TS481|AC  0|TAMS 0x0000000741b00000, 0x0000000741c00000|
|  28|0x0000000741c00000, 0x0000000741d00000, 0x0000000741d00000|100%| O|  |TS533|AC  0|TAMS 0x0000000741c00000, 0x0000000741d00000|
|  29|0x0000000741d00000, 0x0000000741e00000, 0x0000000741e00000|100%| O|  |TS583|AC  0|TAMS 0x0000000741d00000, 0x0000000741e00000|
|  30|0x0000000741e00000, 0x0000000741f00000, 0x0000000741f00000|100%| O|  |TS635|AC  0|TAMS 0x0000000741e00000, 0x0000000741f00000|
|  31|0x0000000741f00000, 0x0000000742000000, 0x0000000742000000|100%| O|  |TS687|AC  0|TAMS 0x0000000741f00000, 0x0000000742000000|
|  32|0x0000000742000000, 0x0000000742100000, 0x0000000742100000|100%| O|  |TS739|AC  0|TAMS 0x0000000742000000, 0x0000000742100000|
|  33|0x0000000742100000, 0x0000000742200000, 0x0000000742200000|100%| O|  |TS789|AC  0|TAMS 0x0000000742100000, 0x0000000742200000|
|  34|0x0000000742200000, 0x0000000742300000, 0x0000000742300000|100%| O|  |TS841|AC  0|TAMS 0x0000000742200000, 0x0000000742300000|
|  35|0x0000000742300000, 0x0000000742400000, 0x0000000742400000|100%| O|  |TS893|AC  0|TAMS 0x0000000742300000, 0x0000000742400000|
|  36|0x0000000742400000, 0x0000000742500000, 0x0000000742500000|100%| O|  |TS943|AC  0|TAMS 0x0000000742400000, 0x0000000742500000|
|  37|0x0000000742500000, 0x0000000742600000, 0x0000000742600000|100%| O|  |TS995|AC  0|TAMS 0x0000000742500000, 0x0000000742600000|
|  38|0x0000000742600000, 0x0000000742700000, 0x0000000742700000|100%| O|  |TS1047|AC  0|TAMS 0x0000000742600000, 0x0000000742700000|
|  39|0x0000000742700000, 0x0000000742800000, 0x0000000742800000|100%| O|  |TS1101|AC  0|TAMS 0x0000000742700000, 0x0000000742800000|
|  40|0x0000000742800000, 0x0000000742900000, 0x0000000742900000|100%| O|  |TS1153|AC  0|TAMS 0x0000000742800000, 0x0000000742900000|
|  41|0x0000000742900000, 0x0000000742a00000, 0x0000000742a00000|100%| O|  |TS1207|AC  0|TAMS 0x0000000742900000, 0x0000000742a00000|
|  42|0x0000000742a00000, 0x0000000742b00000, 0x0000000742b00000|100%| O|  |TS1263|AC  0|TAMS 0x0000000742a00000, 0x0000000742b00000|
|  43|0x0000000742b00000, 0x0000000742c00000, 0x0000000742c00000|100%| O|  |TS1319|AC  0|TAMS 0x0000000742b00000, 0x0000000742c00000|
|  44|0x0000000742c00000, 0x0000000742d00000, 0x0000000742d00000|100%| O|  |TS1377|AC  0|TAMS 0x0000000742c00000, 0x0000000742d00000|
|  45|0x0000000742d00000, 0x0000000742e00000, 0x0000000742e00000|100%| O|  |TS1435|AC  0|TAMS 0x0000000742d00000, 0x0000000742e00000|
|  46|0x0000000742e00000, 0x0000000742f00000, 0x0000000742f00000|100%| O|  |TS1491|AC  0|TAMS 0x0000000742e00000, 0x0000000742f00000|
|  47|0x0000000742f00000, 0x0000000743000000, 0x0000000743000000|100%| O|  |TS1551|AC  0|TAMS 0x0000000742f00000, 0x0000000743000000|
|  48|0x0000000743000000, 0x0000000743100000, 0x0000000743100000|100%| O|  |TS1609|AC  0|TAMS 0x0000000743000000, 0x0000000743100000|
|  49|0x0000000743100000, 0x0000000743200000, 0x0000000743200000|100%| O|  |TS1669|AC  0|TAMS 0x0000000743100000, 0x0000000743200000|
|  50|0x0000000743200000, 0x0000000743300000, 0x0000000743300000|100%| O|  |TS1731|AC  0|TAMS 0x0000000743200000, 0x0000000743300000|
|  51|0x0000000743300000, 0x0000000743400000, 0x0000000743400000|100%| O|  |TS1793|AC  0|TAMS 0x0000000743300000, 0x0000000743400000|
|  52|0x0000000743400000, 0x0000000743500000, 0x0000000743500000|100%| O|  |TS1857|AC  0|TAMS 0x0000000743400000, 0x0000000743500000|
|  53|0x0000000743500000, 0x0000000743600000, 0x0000000743600000|100%| O|  |TS1921|AC  0|TAMS 0x0000000743500000, 0x0000000743600000|
|  54|0x0000000743600000, 0x0000000743700000, 0x0000000743700000|100%| O|  |TS1987|AC  0|TAMS 0x0000000743600000, 0x0000000743700000|
|  55|0x0000000743700000, 0x0000000743800000, 0x0000000743800000|100%| O|  |TS2051|AC  0|TAMS 0x0000000743700000, 0x0000000743800000|
|  56|0x0000000743800000, 0x0000000743900000, 0x0000000743900000|100%| O|  |TS2119|AC  0|TAMS 0x0000000743800000, 0x0000000743900000|
|  57|0x0000000743900000, 0x000000074390bc00, 0x0000000743a00000|  4%| O|  |TS2121|AC  0|TAMS 0x0000000743900000, 0x000000074390bc00|
|  58|0x0000000743a00000, 0x0000000743a00000, 0x0000000743b00000|  0%| F|  |TS1321|AC  0|TAMS 0x0000000743a00000, 0x0000000743a00000|
|  59|0x0000000743b00000, 0x0000000743b00000, 0x0000000743c00000|  0%| F|  |TS1377|AC  0|TAMS 0x0000000743b00000, 0x0000000743b00000|
|  60|0x0000000743c00000, 0x0000000743c00000, 0x0000000743d00000|  0%| F|  |TS1435|AC  0|TAMS 0x0000000743c00000, 0x0000000743c00000|
|  61|0x0000000743d00000, 0x0000000743d00000, 0x0000000743e00000|  0%| F|  |TS1493|AC  0|TAMS 0x0000000743d00000, 0x0000000743d00000|
|  62|0x0000000743e00000, 0x0000000743e00000, 0x0000000743f00000|  0%| F|  |TS1553|AC  0|TAMS 0x0000000743e00000, 0x0000000743e00000|
|  63|0x0000000743f00000, 0x0000000743f00000, 0x0000000744000000|  0%| F|  |TS1609|AC  0|TAMS 0x0000000743f00000, 0x0000000743f00000|
|  64|0x0000000744000000, 0x0000000744000000, 0x0000000744100000|  0%| F|  |TS1671|AC  0|TAMS 0x0000000744000000, 0x0000000744000000|
|  65|0x0000000744100000, 0x0000000744100000, 0x0000000744200000|  0%| F|  |TS1731|AC  0|TAMS 0x0000000744100000, 0x0000000744100000|
|  66|0x0000000744200000, 0x0000000744200000, 0x0000000744300000|  0%| F|  |TS1793|AC  0|TAMS 0x0000000744200000, 0x0000000744200000|
|  67|0x0000000744300000, 0x0000000744300000, 0x0000000744400000|  0%| F|  |TS1859|AC  0|TAMS 0x0000000744300000, 0x0000000744300000|
|  68|0x0000000744400000, 0x0000000744400000, 0x0000000744500000|  0%| F|  |TS1923|AC  0|TAMS 0x0000000744400000, 0x0000000744400000|
|  69|0x0000000744500000, 0x0000000744500000, 0x0000000744600000|  0%| F|  |TS1987|AC  0|TAMS 0x0000000744500000, 0x0000000744500000|
|  70|0x0000000744600000, 0x0000000744600000, 0x0000000744700000|  0%| F|  |TS2053|AC  0|TAMS 0x0000000744600000, 0x0000000744600000|
|  71|0x0000000744700000, 0x0000000744700000, 0x0000000744800000|  0%| F|  |TS2121|AC  0|TAMS 0x0000000744700000, 0x0000000744700000|
|  72|0x0000000744800000, 0x0000000744800000, 0x0000000744900000|  0%| F|  |TS2119|AC  0|TAMS 0x0000000744800000, 0x0000000744800000|
|  73|0x0000000744900000, 0x000000074498a7c0, 0x0000000744a00000| 54%| S|CS|TS2121|AC  0|TAMS 0x0000000744900000, 0x0000000744900000|
|  74|0x0000000744a00000, 0x0000000744a00000, 0x0000000744b00000|  0%| F|  |TS2121|AC  0|TAMS 0x0000000744a00000, 0x0000000744a00000|
|  75|0x0000000744b00000, 0x0000000744b00000, 0x0000000744c00000|  0%| F|  |TS2121|AC  0|TAMS 0x0000000744b00000, 0x0000000744b00000|
|  76|0x0000000744c00000, 0x0000000744c00000, 0x0000000744d00000|  0%| F|  |TS2121|AC  0|TAMS 0x0000000744c00000, 0x0000000744c00000|
|  77|0x0000000744d00000, 0x0000000744d00000, 0x0000000744e00000|  0%| F|  |TS2121|AC  0|TAMS 0x0000000744d00000, 0x0000000744d00000|
|  78|0x0000000744e00000, 0x0000000744e00000, 0x0000000744f00000|  0%| F|  |TS2121|AC  0|TAMS 0x0000000744e00000, 0x0000000744e00000|
|  79|0x0000000744f00000, 0x0000000744f00000, 0x0000000745000000|  0%| F|  |TS2121|AC  0|TAMS 0x0000000744f00000, 0x0000000744f00000|
|  80|0x0000000745000000, 0x0000000745000000, 0x0000000745100000|  0%| F|  |TS2121|AC  0|TAMS 0x0000000745000000, 0x0000000745000000|
|  81|0x0000000745100000, 0x0000000745100000, 0x0000000745200000|  0%| F|  |TS2121|AC  0|TAMS 0x0000000745100000, 0x0000000745100000|
|  82|0x0000000745200000, 0x0000000745200000, 0x0000000745300000|  0%| F|  |TS2121|AC  0|TAMS 0x0000000745200000, 0x0000000745200000|
|  83|0x0000000745300000, 0x0000000745300000, 0x0000000745400000|  0%| F|  |TS2121|AC  0|TAMS 0x0000000745300000, 0x0000000745300000|
|  84|0x0000000745400000, 0x0000000745400000, 0x0000000745500000|  0%| F|  |TS2121|AC  0|TAMS 0x0000000745400000, 0x0000000745400000|
|  85|0x0000000745500000, 0x0000000745500000, 0x0000000745600000|  0%| F|  |TS2121|AC  0|TAMS 0x0000000745500000, 0x0000000745500000|
|  86|0x0000000745600000, 0x0000000745600000, 0x0000000745700000|  0%| F|  |TS2121|AC  0|TAMS 0x0000000745600000, 0x0000000745600000|
|  87|0x0000000745700000, 0x0000000745700000, 0x0000000745800000|  0%| F|  |TS2121|AC  0|TAMS 0x0000000745700000, 0x0000000745700000|
|  88|0x0000000745800000, 0x0000000745800000, 0x0000000745900000|  0%| F|  |TS2121|AC  0|TAMS 0x0000000745800000, 0x0000000745800000|
|  89|0x0000000745900000, 0x0000000745900000, 0x0000000745a00000|  0%| F|  |TS2121|AC  0|TAMS 0x0000000745900000, 0x0000000745900000|
|  90|0x0000000745a00000, 0x0000000745a00000, 0x0000000745b00000|  0%| F|  |TS2121|AC  0|TAMS 0x0000000745a00000, 0x0000000745a00000|
|  91|0x0000000745b00000, 0x0000000745b00000, 0x0000000745c00000|  0%| F|  |TS2121|AC  0|TAMS 0x0000000745b00000, 0x0000000745b00000|
|  92|0x0000000745c00000, 0x0000000745c00000, 0x0000000745d00000|  0%| F|  |TS2121|AC  0|TAMS 0x0000000745c00000, 0x0000000745c00000|
|  93|0x0000000745d00000, 0x0000000745d00000, 0x0000000745e00000|  0%| F|  |TS2121|AC  0|TAMS 0x0000000745d00000, 0x0000000745d00000|
|  94|0x0000000745e00000, 0x0000000745e00000, 0x0000000745f00000|  0%| F|  |TS2121|AC  0|TAMS 0x0000000745e00000, 0x0000000745e00000|
|  95|0x0000000745f00000, 0x0000000745f00000, 0x0000000746000000|  0%| F|  |TS2121|AC  0|TAMS 0x0000000745f00000, 0x0000000745f00000|
|  96|0x0000000746000000, 0x0000000746000000, 0x0000000746100000|  0%| F|  |TS2121|AC  0|TAMS 0x0000000746000000, 0x0000000746000000|
|  97|0x0000000746100000, 0x0000000746100000, 0x0000000746200000|  0%| F|  |TS2121|AC  0|TAMS 0x0000000746100000, 0x0000000746100000|
|  98|0x0000000746200000, 0x0000000746200000, 0x0000000746300000|  0%| F|  |TS2121|AC  0|TAMS 0x0000000746200000, 0x0000000746200000|
|  99|0x0000000746300000, 0x0000000746300000, 0x0000000746400000|  0%| F|  |TS2121|AC  0|TAMS 0x0000000746300000, 0x0000000746300000|
| 100|0x0000000746400000, 0x0000000746400000, 0x0000000746500000|  0%| F|  |TS2121|AC  0|TAMS 0x0000000746400000, 0x0000000746400000|
| 101|0x0000000746500000, 0x0000000746500000, 0x0000000746600000|  0%| F|  |TS2121|AC  0|TAMS 0x0000000746500000, 0x0000000746500000|
| 102|0x0000000746600000, 0x0000000746600000, 0x0000000746700000|  0%| F|  |TS2121|AC  0|TAMS 0x0000000746600000, 0x0000000746600000|
| 103|0x0000000746700000, 0x0000000746700000, 0x0000000746800000|  0%| F|  |TS2121|AC  0|TAMS 0x0000000746700000, 0x0000000746700000|
| 104|0x0000000746800000, 0x0000000746800000, 0x0000000746900000|  0%| F|  |TS2121|AC  0|TAMS 0x0000000746800000, 0x0000000746800000|
| 105|0x0000000746900000, 0x0000000746900000, 0x0000000746a00000|  0%| F|  |TS2121|AC  0|TAMS 0x0000000746900000, 0x0000000746900000|
| 106|0x0000000746a00000, 0x0000000746a00000, 0x0000000746b00000|  0%| F|  |TS2121|AC  0|TAMS 0x0000000746a00000, 0x0000000746a00000|
| 107|0x0000000746b00000, 0x0000000746b00000, 0x0000000746c00000|  0%| F|  |TS2121|AC  0|TAMS 0x0000000746b00000, 0x0000000746b00000|
| 108|0x0000000746c00000, 0x0000000746c00000, 0x0000000746d00000|  0%| F|  |TS2121|AC  0|TAMS 0x0000000746c00000, 0x0000000746c00000|
| 109|0x0000000746d00000, 0x0000000746d00000, 0x0000000746e00000|  0%| F|  |TS2121|AC  0|TAMS 0x0000000746d00000, 0x0000000746d00000|
| 110|0x0000000746e00000, 0x0000000746e00000, 0x0000000746f00000|  0%| F|  |TS2121|AC  0|TAMS 0x0000000746e00000, 0x0000000746e00000|
| 111|0x0000000746f00000, 0x0000000746f00000, 0x0000000747000000|  0%| F|  |TS2121|AC  0|TAMS 0x0000000746f00000, 0x0000000746f00000|
| 112|0x0000000747000000, 0x0000000747000000, 0x0000000747100000|  0%| F|  |TS2121|AC  0|TAMS 0x0000000747000000, 0x0000000747000000|
| 113|0x0000000747100000, 0x0000000747100000, 0x0000000747200000|  0%| F|  |TS2121|AC  0|TAMS 0x0000000747100000, 0x0000000747100000|
| 114|0x0000000747200000, 0x0000000747200000, 0x0000000747300000|  0%| F|  |TS2121|AC  0|TAMS 0x0000000747200000, 0x0000000747200000|
| 115|0x0000000747300000, 0x0000000747300000, 0x0000000747400000|  0%| F|  |TS2121|AC  0|TAMS 0x0000000747300000, 0x0000000747300000|
| 116|0x0000000747400000, 0x0000000747400000, 0x0000000747500000|  0%| F|  |TS2121|AC  0|TAMS 0x0000000747400000, 0x0000000747400000|
| 117|0x0000000747500000, 0x0000000747500000, 0x0000000747600000|  0%| F|  |TS2121|AC  0|TAMS 0x0000000747500000, 0x0000000747500000|
| 118|0x0000000747600000, 0x0000000747600000, 0x0000000747700000|  0%| F|  |TS2121|AC  0|TAMS 0x0000000747600000, 0x0000000747600000|
| 119|0x0000000747700000, 0x0000000747700000, 0x0000000747800000|  0%| F|  |TS2121|AC  0|TAMS 0x0000000747700000, 0x0000000747700000|
| 120|0x0000000747800000, 0x0000000747800000, 0x0000000747900000|  0%| F|  |TS2121|AC  0|TAMS 0x0000000747800000, 0x0000000747800000|
| 121|0x0000000747900000, 0x0000000747900000, 0x0000000747a00000|  0%| F|  |TS2121|AC  0|TAMS 0x0000000747900000, 0x0000000747900000|
| 122|0x0000000747a00000, 0x0000000747a80800, 0x0000000747b00000| 50%| E|  |TS2121|AC  0|TAMS 0x0000000747a00000, 0x0000000747a00000|
| 123|0x0000000747b00000, 0x0000000747c00000, 0x0000000747c00000|100%| E|CS|TS2121|AC  0|TAMS 0x0000000747b00000, 0x0000000747b00000|
| 124|0x0000000747c00000, 0x0000000747d00000, 0x0000000747d00000|100%| E|CS|TS2121|AC  0|TAMS 0x0000000747c00000, 0x0000000747c00000|
| 125|0x0000000747d00000, 0x0000000747e00000, 0x0000000747e00000|100%| E|CS|TS2121|AC  0|TAMS 0x0000000747d00000, 0x0000000747d00000|
| 126|0x0000000747e00000, 0x0000000747f00000, 0x0000000747f00000|100%| E|CS|TS2121|AC  0|TAMS 0x0000000747e00000, 0x0000000747e00000|
| 127|0x0000000747f00000, 0x0000000748000000, 0x0000000748000000|100%| E|CS|TS2121|AC  0|TAMS 0x0000000747f00000, 0x0000000747f00000|

Card table byte_map: [0x000000012b8ff000,0x000000012bcff000] byte_map_base: 0x0000000127eff000

Marking Bits (Prev, Next): (CMBitMap*) 0x00007fae5002fc70, (CMBitMap*) 0x00007fae5002fca8
 Prev Bits: [0x000000012c0ff000, 0x000000012e0ff000)
 Next Bits: [0x000000012e0ff000, 0x00000001300ff000)

Polling page: 0x000000010fdf7000

CodeHeap 'non-profiled nmethods': size=120032Kb used=475Kb max_used=475Kb free=119557Kb
 bounds [0x00000001235e5000, 0x0000000123855000, 0x000000012ab1d000]
CodeHeap 'profiled nmethods': size=120032Kb used=889Kb max_used=1568Kb free=119142Kb
 bounds [0x000000011c0ad000, 0x000000011c31d000, 0x00000001235e5000]
CodeHeap 'non-nmethods': size=5696Kb used=1170Kb max_used=1197Kb free=4525Kb
 bounds [0x000000011bb1d000, 0x000000011bd8d000, 0x000000011c0ad000]
 total_blobs=1305 nmethods=580 adapters=224
 compilation: enabled

Compilation events (10 events):
Event: 51835.813 Thread 0x00007fae51006800  706       4       java.nio.CharBuffer::arrayOffset (35 bytes)
Event: 51835.814 Thread 0x00007fae51006800 nmethod 706 0x0000000123600790 code [0x0000000123600920, 0x00000001236009b8]
Event: 52153.167 Thread 0x00007fae51006800  707       4       java.util.regex.Pattern::expr (142 bytes)
Event: 52153.257 Thread 0x00007fae51006800 nmethod 707 0x0000000123658790 code [0x00000001236589c0, 0x0000000123659de8]
Event: 53047.319 Thread 0x00007fae5083f800  708       4       java.lang.AbstractStringBuilder::append (77 bytes)
Event: 53047.327 Thread 0x00007fae5083f800 nmethod 708 0x000000012365a410 code [0x000000012365a5c0, 0x000000012365aa58]
Event: 53881.346 Thread 0x00007fae51006800  709       4       sun.util.locale.provider.JRELocaleProviderAdapter::getLocaleResources (51 bytes)
Event: 53881.353 Thread 0x00007fae51006800 nmethod 709 0x000000012365ac90 code [0x000000012365ae60, 0x000000012365b168]
Event: 54306.582 Thread 0x00007fae5083f800  710       4       java.util.regex.Pattern$Curly::study (153 bytes)
Event: 54306.587 Thread 0x00007fae5083f800 nmethod 710 0x000000012365b510 code [0x000000012365b6c0, 0x000000012365b978]

GC Heap History (10 events):
Event: 55991.972 GC heap before
{Heap before GC invocations=1056 (full 0):
 garbage-first heap   total 131072K, used 115135K [0x0000000740000000, 0x0000000740100400, 0x00000007c0000000)
  region size 1024K, 56 young (57344K), 1 survivors (1024K)
 Metaspace       used 6416K, capacity 6550K, committed 6784K, reserved 1056768K
  class space    used 523K, capacity 549K, committed 640K, reserved 1048576K
}
Event: 55991.974 GC heap after
{Heap after GC invocations=1057 (full 0):
 garbage-first heap   total 131072K, used 58835K [0x0000000740000000, 0x0000000740100400, 0x00000007c0000000)
  region size 1024K, 1 young (1024K), 1 survivors (1024K)
 Metaspace       used 6416K, capacity 6550K, committed 6784K, reserved 1056768K
  class space    used 523K, capacity 549K, committed 640K, reserved 1048576K
}
Event: 55997.850 GC heap before
{Heap before GC invocations=1057 (full 0):
 garbage-first heap   total 131072K, used 115155K [0x0000000740000000, 0x0000000740100400, 0x00000007c0000000)
  region size 1024K, 56 young (57344K), 1 survivors (1024K)
 Metaspace       used 6416K, capacity 6550K, committed 6784K, reserved 1056768K
  class space    used 523K, capacity 549K, committed 640K, reserved 1048576K
}
Event: 55997.852 GC heap after
{Heap after GC invocations=1058 (full 0):
 garbage-first heap   total 131072K, used 58864K [0x0000000740000000, 0x0000000740100400, 0x00000007c0000000)
  region size 1024K, 1 young (1024K), 1 survivors (1024K)
 Metaspace       used 6416K, capacity 6550K, committed 6784K, reserved 1056768K
  class space    used 523K, capacity 549K, committed 640K, reserved 1048576K
}
Event: 56003.648 GC heap before
{Heap before GC invocations=1058 (full 0):
 garbage-first heap   total 131072K, used 115184K [0x0000000740000000, 0x0000000740100400, 0x00000007c0000000)
  region size 1024K, 56 young (57344K), 1 survivors (1024K)
 Metaspace       used 6416K, capacity 6550K, committed 6784K, reserved 1056768K
  class space    used 523K, capacity 549K, committed 640K, reserved 1048576K
}
Event: 56003.658 GC heap after
{Heap after GC invocations=1059 (full 0):
 garbage-first heap   total 131072K, used 58892K [0x0000000740000000, 0x0000000740100400, 0x00000007c0000000)
  region size 1024K, 1 young (1024K), 1 survivors (1024K)
 Metaspace       used 6416K, capacity 6550K, committed 6784K, reserved 1056768K
  class space    used 523K, capacity 549K, committed 640K, reserved 1048576K
}
Event: 56009.480 GC heap before
{Heap before GC invocations=1059 (full 0):
 garbage-first heap   total 131072K, used 115212K [0x0000000740000000, 0x0000000740100400, 0x00000007c0000000)
  region size 1024K, 56 young (57344K), 1 survivors (1024K)
 Metaspace       used 6416K, capacity 6550K, committed 6784K, reserved 1056768K
  class space    used 523K, capacity 549K, committed 640K, reserved 1048576K
}
Event: 56009.482 GC heap after
{Heap after GC invocations=1060 (full 0):
 garbage-first heap   total 131072K, used 58917K [0x0000000740000000, 0x0000000740100400, 0x00000007c0000000)
  region size 1024K, 1 young (1024K), 1 survivors (1024K)
 Metaspace       used 6416K, capacity 6550K, committed 6784K, reserved 1056768K
  class space    used 523K, capacity 549K, committed 640K, reserved 1048576K
}
Event: 56015.274 GC heap before
{Heap before GC invocations=1060 (full 0):
 garbage-first heap   total 131072K, used 114213K [0x0000000740000000, 0x0000000740100400, 0x00000007c0000000)
  region size 1024K, 55 young (56320K), 1 survivors (1024K)
 Metaspace       used 6416K, capacity 6550K, committed 6784K, reserved 1056768K
  class space    used 523K, capacity 549K, committed 640K, reserved 1048576K
}
Event: 56015.277 GC heap after
{Heap after GC invocations=1061 (full 0):
 garbage-first heap   total 131072K, used 58968K [0x0000000740000000, 0x0000000740100400, 0x00000007c0000000)
  region size 1024K, 1 young (1024K), 1 survivors (1024K)
 Metaspace       used 6416K, capacity 6550K, committed 6784K, reserved 1056768K
  class space    used 523K, capacity 549K, committed 640K, reserved 1048576K
}

Deoptimization events (3 events):
Event: 0.593 Thread 0x00007fae50801800 Uncommon trap: reason=unstable_if action=reinterpret pc=0x00000001235f171c method=java.lang.String.charAt(I)C @ 4 c2
Event: 48447.140 Thread 0x00007fae50801800 Uncommon trap: reason=unstable_if action=reinterpret pc=0x0000000123602b94 method=java.lang.ref.SoftReference.get()Ljava/lang/Object; @ 17 c2
Event: 48447.217 Thread 0x00007fae50801800 Uncommon trap: reason=unstable_if action=reinterpret pc=0x0000000123600a10 method=java.lang.ref.SoftReference.get()Ljava/lang/Object; @ 17 c2

Classes redefined (0 events):
No events

Internal exceptions (10 events):
Event: 56015.812 Thread 0x00007fae50801800 Exception <a 'java/io/IOException'{0x0000000747bef430}> (0x0000000747bef430) thrown at [/scratch/mesos/slaves/5af44a71-976a-41b7-81de-5773b84ec572-S38393/frameworks/1735e8a2-a1db-478c-8104-60c8b0af87dd-0196/executors/8b855640-c399-41ea-b65f-52272e5740db/r
Event: 56015.813 Thread 0x00007fae50801800 Exception <a 'java/io/IOException'{0x0000000747bf31e0}> (0x0000000747bf31e0) thrown at [/scratch/mesos/slaves/5af44a71-976a-41b7-81de-5773b84ec572-S38393/frameworks/1735e8a2-a1db-478c-8104-60c8b0af87dd-0196/executors/8b855640-c399-41ea-b65f-52272e5740db/r
Event: 56015.813 Thread 0x00007fae50801800 Exception <a 'java/io/IOException'{0x0000000747bf6f60}> (0x0000000747bf6f60) thrown at [/scratch/mesos/slaves/5af44a71-976a-41b7-81de-5773b84ec572-S38393/frameworks/1735e8a2-a1db-478c-8104-60c8b0af87dd-0196/executors/8b855640-c399-41ea-b65f-52272e5740db/r
Event: 56015.814 Thread 0x00007fae50801800 Exception <a 'java/io/IOException'{0x0000000747bfaf20}> (0x0000000747bfaf20) thrown at [/scratch/mesos/slaves/5af44a71-976a-41b7-81de-5773b84ec572-S38393/frameworks/1735e8a2-a1db-478c-8104-60c8b0af87dd-0196/executors/8b855640-c399-41ea-b65f-52272e5740db/r
Event: 56015.814 Thread 0x00007fae50801800 Exception <a 'java/io/IOException'{0x0000000747bfecd0}> (0x0000000747bfecd0) thrown at [/scratch/mesos/slaves/5af44a71-976a-41b7-81de-5773b84ec572-S38393/frameworks/1735e8a2-a1db-478c-8104-60c8b0af87dd-0196/executors/8b855640-c399-41ea-b65f-52272e5740db/r
Event: 56015.814 Thread 0x00007fae50801800 Exception <a 'java/io/IOException'{0x0000000747a02f58}> (0x0000000747a02f58) thrown at [/scratch/mesos/slaves/5af44a71-976a-41b7-81de-5773b84ec572-S38393/frameworks/1735e8a2-a1db-478c-8104-60c8b0af87dd-0196/executors/8b855640-c399-41ea-b65f-52272e5740db/r
Event: 56015.814 Thread 0x00007fae50801800 Exception <a 'java/io/IOException'{0x0000000747a06f18}> (0x0000000747a06f18) thrown at [/scratch/mesos/slaves/5af44a71-976a-41b7-81de-5773b84ec572-S38393/frameworks/1735e8a2-a1db-478c-8104-60c8b0af87dd-0196/executors/8b855640-c399-41ea-b65f-52272e5740db/r
Event: 56015.815 Thread 0x00007fae50801800 Exception <a 'java/io/IOException'{0x0000000747a0acc8}> (0x0000000747a0acc8) thrown at [/scratch/mesos/slaves/5af44a71-976a-41b7-81de-5773b84ec572-S38393/frameworks/1735e8a2-a1db-478c-8104-60c8b0af87dd-0196/executors/8b855640-c399-41ea-b65f-52272e5740db/r
Event: 56015.815 Thread 0x00007fae50801800 Exception <a 'java/io/IOException'{0x0000000747a0ea48}> (0x0000000747a0ea48) thrown at [/scratch/mesos/slaves/5af44a71-976a-41b7-81de-5773b84ec572-S38393/frameworks/1735e8a2-a1db-478c-8104-60c8b0af87dd-0196/executors/8b855640-c399-41ea-b65f-52272e5740db/r
Event: 56015.815 Thread 0x00007fae50801800 Exception <a 'java/io/IOException'{0x0000000747a12a08}> (0x0000000747a12a08) thrown at [/scratch/mesos/slaves/5af44a71-976a-41b7-81de-5773b84ec572-S38393/frameworks/1735e8a2-a1db-478c-8104-60c8b0af87dd-0196/executors/8b855640-c399-41ea-b65f-52272e5740db/r

Events (10 events):
Event: 55991.974 Executing VM operation: G1IncCollectionPause done
Event: 55997.849 Executing VM operation: G1IncCollectionPause
Event: 55997.852 Executing VM operation: G1IncCollectionPause done
Event: 56003.647 Executing VM operation: G1IncCollectionPause
Event: 56003.658 Executing VM operation: G1IncCollectionPause done
Event: 56009.479 Executing VM operation: G1IncCollectionPause
Event: 56009.482 Executing VM operation: G1IncCollectionPause done
Event: 56015.273 Executing VM operation: G1IncCollectionPause
Event: 56015.277 Executing VM operation: G1IncCollectionPause done
Event: 56015.815 Executing VM operation: CGC_Operation


Dynamic libraries:
0x00007fff4138a000 	/System/Library/Frameworks/Cocoa.framework/Versions/A/Cocoa
0x00007fff4d9a7000 	/System/Library/Frameworks/Security.framework/Versions/A/Security
0x00007fff3ffcb000 	/System/Library/Frameworks/ApplicationServices.framework/Versions/A/ApplicationServices
0x00007fff698db000 	/usr/lib/libz.1.dylib
0x00007fff6780c000 	/usr/lib/libSystem.B.dylib
0x00007fff41b3d000 	/System/Library/Frameworks/CoreFoundation.framework/Versions/A/CoreFoundation
0x00007fff43c9f000 	/System/Library/Frameworks/Foundation.framework/Versions/C/Foundation
0x00007fff68ec5000 	/usr/lib/libobjc.A.dylib
0x00007fff3f11b000 	/System/Library/Frameworks/AppKit.framework/Versions/C/AppKit
0x00007fff41702000 	/System/Library/Frameworks/CoreData.framework/Versions/A/CoreData
0x00007fff610c5000 	/System/Library/PrivateFrameworks/RemoteViewServices.framework/Versions/A/RemoteViewServices
0x00007fff6583e000 	/System/Library/PrivateFrameworks/UIFoundation.framework/Versions/A/UIFoundation
0x00007fff55ebd000 	/System/Library/PrivateFrameworks/DFRFoundation.framework/Versions/A/DFRFoundation
0x00007fff4630c000 	/System/Library/Frameworks/Metal.framework/Versions/A/Metal
0x00007fff5605a000 	/System/Library/PrivateFrameworks/DesktopServicesPriv.framework/Versions/A/DesktopServicesPriv
0x00007fff68412000 	/usr/lib/libenergytrace.dylib
0x00007fff638aa000 	/System/Library/PrivateFrameworks/SkyLight.framework/Versions/A/SkyLight
0x00007fff41fe0000 	/System/Library/Frameworks/CoreGraphics.framework/Versions/A/CoreGraphics
0x00007fff67807000 	/usr/lib/libScreenReader.dylib
0x00007fff3e0b5000 	/System/Library/Frameworks/Accelerate.framework/Versions/A/Accelerate
0x00007fff4441a000 	/System/Library/Frameworks/IOSurface.framework/Versions/A/IOSurface
0x00007fff40515000 	/System/Library/Frameworks/AudioToolbox.framework/Versions/A/AudioToolbox
0x00007fff407a5000 	/System/Library/Frameworks/AudioUnit.framework/Versions/A/AudioUnit
0x00007fff55f55000 	/System/Library/PrivateFrameworks/DataDetectorsCore.framework/Versions/A/DataDetectorsCore
0x00007fff40e7d000 	/System/Library/Frameworks/Carbon.framework/Versions/A/Frameworks/HIToolbox.framework/Versions/A/HIToolbox
0x00007fff6856c000 	/usr/lib/libicucore.A.dylib
0x00007fff4cf24000 	/System/Library/Frameworks/QuartzCore.framework/Versions/A/QuartzCore
0x00007fff62b4c000 	/System/Library/PrivateFrameworks/SignpostNotification.framework/Versions/A/SignpostNotification
0x00007fff41263000 	/System/Library/Frameworks/Carbon.framework/Versions/A/Frameworks/SpeechRecognition.framework/Versions/A/SpeechRecognition
0x00007fff67968000 	/usr/lib/libauto.dylib
0x00007fff697ca000 	/usr/lib/libxml2.2.dylib
0x00007fff55b0d000 	/System/Library/PrivateFrameworks/CoreUI.framework/Versions/A/CoreUI
0x00007fff415de000 	/System/Library/Frameworks/CoreAudio.framework/Versions/A/CoreAudio
0x00007fff43ad9000 	/System/Library/Frameworks/DiskArbitration.framework/Versions/A/DiskArbitration
0x00007fff687e0000 	/usr/lib/liblangid.dylib
0x00007fff5d5c8000 	/System/Library/PrivateFrameworks/MultitouchSupport.framework/Versions/A/MultitouchSupport
0x00007fff4437c000 	/System/Library/Frameworks/IOKit.framework/Versions/A/IOKit
0x00007fff67496000 	/usr/lib/libDiagnosticMessagesClient.dylib
0x00007fff42cb6000 	/System/Library/Frameworks/CoreServices.framework/Versions/A/CoreServices
0x00007fff5f101000 	/System/Library/PrivateFrameworks/PerformanceAnalysis.framework/Versions/A/PerformanceAnalysis
0x00007fff4c0c6000 	/System/Library/Frameworks/OpenGL.framework/Versions/A/OpenGL
0x00007fff41398000 	/System/Library/Frameworks/ColorSync.framework/Versions/A/ColorSync
0x00007fff425f2000 	/System/Library/Frameworks/CoreImage.framework/Versions/A/CoreImage
0x00007fff43647000 	/System/Library/Frameworks/CoreText.framework/Versions/A/CoreText
0x00007fff44478000 	/System/Library/Frameworks/ImageIO.framework/Versions/A/ImageIO
0x00007fff527b9000 	/System/Library/PrivateFrameworks/Backup.framework/Versions/A/Backup
0x00007fff678b8000 	/usr/lib/libarchive.2.dylib
0x00007fff40ac8000 	/System/Library/Frameworks/CFNetwork.framework/Versions/A/CFNetwork
0x00007fff4e13a000 	/System/Library/Frameworks/SystemConfiguration.framework/Versions/A/SystemConfiguration
0x00007fff673bf000 	/usr/lib/libCRFSuite.dylib
0x00007fff67a41000 	/usr/lib/libc++.1.dylib
0x00007fff67a98000 	/usr/lib/libc++abi.dylib
0x00007fff69989000 	/usr/lib/system/libcache.dylib
0x00007fff6998e000 	/usr/lib/system/libcommonCrypto.dylib
0x00007fff69999000 	/usr/lib/system/libcompiler_rt.dylib
0x00007fff699a1000 	/usr/lib/system/libcopyfile.dylib
0x00007fff699ab000 	/usr/lib/system/libcorecrypto.dylib
0x00007fff69ab8000 	/usr/lib/system/libdispatch.dylib
0x00007fff69af2000 	/usr/lib/system/libdyld.dylib
0x00007fff69b10000 	/usr/lib/system/libkeymgr.dylib
0x00007fff69b1e000 	/usr/lib/system/liblaunch.dylib
0x00007fff69b1f000 	/usr/lib/system/libmacho.dylib
0x00007fff69b24000 	/usr/lib/system/libquarantine.dylib
0x00007fff69b27000 	/usr/lib/system/libremovefile.dylib
0x00007fff69b29000 	/usr/lib/system/libsystem_asl.dylib
0x00007fff69b41000 	/usr/lib/system/libsystem_blocks.dylib
0x00007fff69b42000 	/usr/lib/system/libsystem_c.dylib
0x00007fff69bcc000 	/usr/lib/system/libsystem_configuration.dylib
0x00007fff69bd0000 	/usr/lib/system/libsystem_coreservices.dylib
0x00007fff69bd4000 	/usr/lib/system/libsystem_darwin.dylib
0x00007fff69bd6000 	/usr/lib/system/libsystem_dnssd.dylib
0x00007fff69bdd000 	/usr/lib/system/libsystem_info.dylib
0x00007fff69c4e000 	/usr/lib/system/libsystem_m.dylib
0x00007fff69c9a000 	/usr/lib/system/libsystem_malloc.dylib
0x00007fff69cba000 	/usr/lib/system/libsystem_network.dylib
0x00007fff69deb000 	/usr/lib/system/libsystem_networkextension.dylib
0x00007fff69df6000 	/usr/lib/system/libsystem_notify.dylib
0x00007fff69e14000 	/usr/lib/system/libsystem_sandbox.dylib
0x00007fff69e18000 	/usr/lib/system/libsystem_secinit.dylib
0x00007fff69c27000 	/usr/lib/system/libsystem_kernel.dylib
0x00007fff69e00000 	/usr/lib/system/libsystem_platform.dylib
0x00007fff69e08000 	/usr/lib/system/libsystem_pthread.dylib
0x00007fff69e1a000 	/usr/lib/system/libsystem_symptoms.dylib
0x00007fff69e22000 	/usr/lib/system/libsystem_trace.dylib
0x00007fff69e37000 	/usr/lib/system/libunwind.dylib
0x00007fff69e3d000 	/usr/lib/system/libxpc.dylib
0x00007fff672d2000 	/usr/lib/closure/libclosured.dylib
0x00007fff67a22000 	/usr/lib/libbsm.0.dylib
0x00007fff69b11000 	/usr/lib/system/libkxld.dylib
0x00007fff676d0000 	/usr/lib/libOpenScriptingUtil.dylib
0x00007fff67d91000 	/usr/lib/libcoretls.dylib
0x00007fff67daa000 	/usr/lib/libcoretls_cfhelpers.dylib
0x00007fff692c6000 	/usr/lib/libpam.2.dylib
0x00007fff693ed000 	/usr/lib/libsqlite3.dylib
0x00007fff697b9000 	/usr/lib/libxar.1.dylib
0x00007fff67a33000 	/usr/lib/libbz2.1.0.dylib
0x00007fff687e2000 	/usr/lib/liblzma.5.dylib
0x00007fff68cc3000 	/usr/lib/libnetwork.dylib
0x00007fff678a1000 	/usr/lib/libapple_nghttp2.dylib
0x00007fff692cd000 	/usr/lib/libpcap.A.dylib
0x00007fff67969000 	/usr/lib/libboringssl.dylib
0x00007fff69754000 	/usr/lib/libusrtcp.dylib
0x00007fff678a0000 	/usr/lib/libapple_crypto.dylib
0x00007fff43039000 	/System/Library/Frameworks/CoreServices.framework/Versions/A/Frameworks/FSEvents.framework/Versions/A/FSEvents
0x00007fff42d2c000 	/System/Library/Frameworks/CoreServices.framework/Versions/A/Frameworks/CarbonCore.framework/Versions/A/CarbonCore
0x00007fff43201000 	/System/Library/Frameworks/CoreServices.framework/Versions/A/Frameworks/Metadata.framework/Versions/A/Metadata
0x00007fff432b2000 	/System/Library/Frameworks/CoreServices.framework/Versions/A/Frameworks/OSServices.framework/Versions/A/OSServices
0x00007fff43313000 	/System/Library/Frameworks/CoreServices.framework/Versions/A/Frameworks/SearchKit.framework/Versions/A/SearchKit
0x00007fff42cb7000 	/System/Library/Frameworks/CoreServices.framework/Versions/A/Frameworks/AE.framework/Versions/A/AE
0x00007fff43042000 	/System/Library/Frameworks/CoreServices.framework/Versions/A/Frameworks/LaunchServices.framework/Versions/A/LaunchServices
0x00007fff43004000 	/System/Library/Frameworks/CoreServices.framework/Versions/A/Frameworks/DictionaryServices.framework/Versions/A/DictionaryServices
0x00007fff43382000 	/System/Library/Frameworks/CoreServices.framework/Versions/A/Frameworks/SharedFileList.framework/Versions/A/SharedFileList
0x00007fff47542000 	/System/Library/Frameworks/NetFS.framework/Versions/A/NetFS
0x00007fff5d859000 	/System/Library/PrivateFrameworks/NetAuth.framework/Versions/A/NetAuth
0x00007fff67169000 	/System/Library/PrivateFrameworks/login.framework/Versions/A/Frameworks/loginsupport.framework/Versions/A/loginsupport
0x00007fff654bb000 	/System/Library/PrivateFrameworks/TCC.framework/Versions/A/TCC
0x00007fff688c3000 	/usr/lib/libmecabra.dylib
0x00007fff3ffcc000 	/System/Library/Frameworks/ApplicationServices.framework/Versions/A/Frameworks/ATS.framework/Versions/A/ATS
0x00007fff4037a000 	/System/Library/Frameworks/ApplicationServices.framework/Versions/A/Frameworks/ColorSyncLegacy.framework/Versions/A/ColorSyncLegacy
0x00007fff4041e000 	/System/Library/Frameworks/ApplicationServices.framework/Versions/A/Frameworks/HIServices.framework/Versions/A/HIServices
0x00007fff40471000 	/System/Library/Frameworks/ApplicationServices.framework/Versions/A/Frameworks/LangAnalysis.framework/Versions/A/LangAnalysis
0x00007fff40480000 	/System/Library/Frameworks/ApplicationServices.framework/Versions/A/Frameworks/PrintCore.framework/Versions/A/PrintCore
0x00007fff404cd000 	/System/Library/Frameworks/ApplicationServices.framework/Versions/A/Frameworks/QD.framework/Versions/A/QD
0x00007fff40508000 	/System/Library/Frameworks/ApplicationServices.framework/Versions/A/Frameworks/SpeechSynthesis.framework/Versions/A/SpeechSynthesis
0x00007fff41a59000 	/System/Library/Frameworks/CoreDisplay.framework/Versions/A/CoreDisplay
0x00007fff3e0cd000 	/System/Library/Frameworks/Accelerate.framework/Versions/A/Frameworks/vImage.framework/Versions/A/vImage
0x00007fff3ee27000 	/System/Library/Frameworks/Accelerate.framework/Versions/A/Frameworks/vecLib.framework/Versions/A/vecLib
0x00007fff3ebc7000 	/System/Library/Frameworks/Accelerate.framework/Versions/A/Frameworks/vecLib.framework/Versions/A/libvDSP.dylib
0x00007fff3e727000 	/System/Library/Frameworks/Accelerate.framework/Versions/A/Frameworks/vecLib.framework/Versions/A/libBNNS.dylib
0x00007fff3eb2c000 	/System/Library/Frameworks/Accelerate.framework/Versions/A/Frameworks/vecLib.framework/Versions/A/libQuadrature.dylib
0x00007fff3ed75000 	/System/Library/Frameworks/Accelerate.framework/Versions/A/Frameworks/vecLib.framework/Versions/A/libvMisc.dylib
0x00007fff3e756000 	/System/Library/Frameworks/Accelerate.framework/Versions/A/Frameworks/vecLib.framework/Versions/A/libLAPACK.dylib
0x00007fff3e5cc000 	/System/Library/Frameworks/Accelerate.framework/Versions/A/Frameworks/vecLib.framework/Versions/A/libBLAS.dylib
0x00007fff3eb16000 	/System/Library/Frameworks/Accelerate.framework/Versions/A/Frameworks/vecLib.framework/Versions/A/libLinearAlgebra.dylib
0x00007fff3eb32000 	/System/Library/Frameworks/Accelerate.framework/Versions/A/Frameworks/vecLib.framework/Versions/A/libSparse.dylib
0x00007fff3ebb3000 	/System/Library/Frameworks/Accelerate.framework/Versions/A/Frameworks/vecLib.framework/Versions/A/libSparseBLAS.dylib
0x00007fff5a699000 	/System/Library/PrivateFrameworks/GPUWrangler.framework/Versions/A/GPUWrangler
0x00007fff5be2a000 	/System/Library/PrivateFrameworks/IOAccelerator.framework/Versions/A/IOAccelerator
0x00007fff5be35000 	/System/Library/PrivateFrameworks/IOPresentment.framework/Versions/A/IOPresentment
0x00007fff55ecf000 	/System/Library/PrivateFrameworks/DSExternalDisplay.framework/Versions/A/DSExternalDisplay
0x00007fff4b545000 	/System/Library/Frameworks/OpenGL.framework/Versions/A/Libraries/libCoreFSCache.dylib
0x00007fff43798000 	/System/Library/Frameworks/CoreVideo.framework/Versions/A/CoreVideo
0x00007fff5b414000 	/System/Library/PrivateFrameworks/GraphVisualizer.framework/Versions/A/GraphVisualizer
0x00007fff46543000 	/System/Library/Frameworks/MetalPerformanceShaders.framework/Versions/A/MetalPerformanceShaders
0x00007fff674ce000 	/usr/lib/libFosl_dynamic.dylib
0x00007fff56fa3000 	/System/Library/PrivateFrameworks/FaceCore.framework/Versions/A/FaceCore
0x00007fff4a340000 	/System/Library/Frameworks/OpenCL.framework/Versions/A/OpenCL
0x00007fff67acf000 	/usr/lib/libcompression.dylib
0x00007fff400cb000 	/System/Library/Frameworks/ApplicationServices.framework/Versions/A/Frameworks/ATS.framework/Versions/A/Resources/libFontParser.dylib
0x00007fff401ee000 	/System/Library/Frameworks/ApplicationServices.framework/Versions/A/Frameworks/ATS.framework/Versions/A/Resources/libFontRegistry.dylib
0x00007fff446e0000 	/System/Library/Frameworks/ImageIO.framework/Versions/A/Resources/libJPEG.dylib
0x00007fff44a09000 	/System/Library/Frameworks/ImageIO.framework/Versions/A/Resources/libTIFF.dylib
0x00007fff449df000 	/System/Library/Frameworks/ImageIO.framework/Versions/A/Resources/libPng.dylib
0x00007fff445f3000 	/System/Library/Frameworks/ImageIO.framework/Versions/A/Resources/libGIF.dylib
0x00007fff445f8000 	/System/Library/Frameworks/ImageIO.framework/Versions/A/Resources/libJP2.dylib
0x00007fff44a06000 	/System/Library/Frameworks/ImageIO.framework/Versions/A/Resources/libRadiance.dylib
0x00007fff51ee3000 	/System/Library/PrivateFrameworks/AppleJPEG.framework/Versions/A/AppleJPEG
0x00007fff463aa000 	/System/Library/Frameworks/MetalPerformanceShaders.framework/Frameworks/MPSCore.framework/Versions/A/MPSCore
0x00007fff463c6000 	/System/Library/Frameworks/MetalPerformanceShaders.framework/Frameworks/MPSImage.framework/Versions/A/MPSImage
0x00007fff4645b000 	/System/Library/Frameworks/MetalPerformanceShaders.framework/Frameworks/MPSNeuralNetwork.framework/Versions/A/MPSNeuralNetwork
0x00007fff46436000 	/System/Library/Frameworks/MetalPerformanceShaders.framework/Frameworks/MPSMatrix.framework/Versions/A/MPSMatrix
0x00007fff5d32b000 	/System/Library/PrivateFrameworks/MetalTools.framework/Versions/A/MetalTools
0x00007fff4b710000 	/System/Library/Frameworks/OpenGL.framework/Versions/A/Libraries/libGLU.dylib
0x00007fff4b550000 	/System/Library/Frameworks/OpenGL.framework/Versions/A/Libraries/libGFXShared.dylib
0x00007fff4b55a000 	/System/Library/Frameworks/OpenGL.framework/Versions/A/Libraries/libGL.dylib
0x00007fff4b566000 	/System/Library/Frameworks/OpenGL.framework/Versions/A/Libraries/libGLImage.dylib
0x00007fff4b542000 	/System/Library/Frameworks/OpenGL.framework/Versions/A/Libraries/libCVMSPluginSupport.dylib
0x00007fff4b54b000 	/System/Library/Frameworks/OpenGL.framework/Versions/A/Libraries/libCoreVMClient.dylib
0x00007fff6827c000 	/usr/lib/libcups.2.dylib
0x00007fff45911000 	/System/Library/Frameworks/Kerberos.framework/Versions/A/Kerberos
0x00007fff440d6000 	/System/Library/Frameworks/GSS.framework/Versions/A/GSS
0x00007fff69380000 	/usr/lib/libresolv.9.dylib
0x00007fff6847a000 	/usr/lib/libiconv.2.dylib
0x00007fff5b4a6000 	/System/Library/PrivateFrameworks/Heimdal.framework/Versions/A/Heimdal
0x00007fff68449000 	/usr/lib/libheimdal-asn1.dylib
0x00007fff4a3b8000 	/System/Library/Frameworks/OpenDirectory.framework/Versions/A/OpenDirectory
0x00007fff541fa000 	/System/Library/PrivateFrameworks/CommonAuth.framework/Versions/A/CommonAuth
0x00007fff4a39b000 	/System/Library/Frameworks/OpenDirectory.framework/Versions/A/Frameworks/CFOpenDirectory.framework/Versions/A/CFOpenDirectory
0x00007fff4dcd3000 	/System/Library/Frameworks/SecurityFoundation.framework/Versions/A/SecurityFoundation
0x00007fff510a7000 	/System/Library/PrivateFrameworks/APFS.framework/Versions/A/APFS
0x00007fff697b5000 	/usr/lib/libutil.dylib
0x00007fff51f66000 	/System/Library/PrivateFrameworks/AppleSauce.framework/Versions/A/AppleSauce
0x00007fff5c612000 	/System/Library/PrivateFrameworks/LinguisticData.framework/Versions/A/LinguisticData
0x00007fff687fc000 	/usr/lib/libmarisa.dylib
0x00007fff5c5cc000 	/System/Library/PrivateFrameworks/Lexicon.framework/Versions/A/Lexicon
0x00007fff673f9000 	/usr/lib/libChineseTokenizer.dylib
0x00007fff67abe000 	/usr/lib/libcmph.dylib
0x00007fff5c4d6000 	/System/Library/PrivateFrameworks/LanguageModeling.framework/Versions/A/LanguageModeling
0x00007fff54d17000 	/System/Library/PrivateFrameworks/CoreEmoji.framework/Versions/A/CoreEmoji
0x00007fff4dd91000 	/System/Library/Frameworks/ServiceManagement.framework/Versions/A/ServiceManagement
0x00007fff527b1000 	/System/Library/PrivateFrameworks/BackgroundTaskManagement.framework/Versions/A/BackgroundTaskManagement
0x00007fff698b2000 	/usr/lib/libxslt.1.dylib
0x00007fff4118d000 	/System/Library/Frameworks/Carbon.framework/Versions/A/Frameworks/Ink.framework/Versions/A/Ink
0x00007fff656d0000 	/System/Library/PrivateFrameworks/TextureIO.framework/Versions/A/TextureIO
0x00007fff678e3000 	/usr/lib/libate.dylib
0x00007fff55e2e000 	/System/Library/PrivateFrameworks/CrashReporterSupport.framework/Versions/A/CrashReporterSupport
0x00007fff62a0c000 	/System/Library/PrivateFrameworks/Sharing.framework/Versions/A/Sharing
0x00007fff5c217000 	/System/Library/PrivateFrameworks/IconServices.framework/Versions/A/IconServices
0x00007fff523e1000 	/System/Library/PrivateFrameworks/AuthKit.framework/Versions/A/AuthKit
0x00007fff51d66000 	/System/Library/PrivateFrameworks/Apple80211.framework/Versions/A/Apple80211
0x00007fff55c43000 	/System/Library/PrivateFrameworks/CoreUtils.framework/Versions/A/CoreUtils
0x00007fff437d3000 	/System/Library/Frameworks/CoreWLAN.framework/Versions/A/CoreWLAN
0x00007fff44218000 	/System/Library/Frameworks/IOBluetooth.framework/Versions/A/IOBluetooth
0x00007fff60ed0000 	/System/Library/PrivateFrameworks/ProtocolBuffer.framework/Versions/A/ProtocolBuffer
0x00007fff5d523000 	/System/Library/PrivateFrameworks/MobileKeyBag.framework/Versions/A/MobileKeyBag
0x00007fff554bb000 	/System/Library/PrivateFrameworks/CorePhoneNumbers.framework/Versions/A/CorePhoneNumbers
0x00007fff51e9e000 	/System/Library/PrivateFrameworks/AppleIDAuthSupport.framework/Versions/A/AppleIDAuthSupport
0x00007fff5c4c2000 	/System/Library/PrivateFrameworks/KeychainCircle.framework/Versions/A/KeychainCircle
0x00007fff55dc9000 	/System/Library/PrivateFrameworks/CoreWiFi.framework/Versions/A/CoreWiFi
0x00007fff416d8000 	/System/Library/Frameworks/CoreBluetooth.framework/Versions/A/CoreBluetooth
0x00007fff56019000 	/System/Library/PrivateFrameworks/DebugSymbols.framework/Versions/A/DebugSymbols
0x00007fff559f9000 	/System/Library/PrivateFrameworks/CoreSymbolication.framework/Versions/A/CoreSymbolication
0x00007fff64ec2000 	/System/Library/PrivateFrameworks/Symbolication.framework/Versions/A/Symbolication
0x00007fff51d90000 	/System/Library/PrivateFrameworks/AppleFSCompression.framework/Versions/A/AppleFSCompression
0x00007fff6430f000 	/System/Library/PrivateFrameworks/SpeechRecognitionCore.framework/Versions/A/SpeechRecognitionCore
0x00000001106b1000 	/Library/Java/JavaVirtualMachines/jdk-9.0.1.jdk/Contents/Home/lib/server/libjvm.dylib
0x00007fff69682000 	/usr/lib/libstdc++.6.0.9.dylib
0x000000010fde9000 	/Library/Java/JavaVirtualMachines/jdk-9.0.1.jdk/Contents/Home/lib/libverify.dylib
0x0000000111353000 	/Library/Java/JavaVirtualMachines/jdk-9.0.1.jdk/Contents/Home/lib/libjava.dylib
0x0000000110600000 	/Library/Java/JavaVirtualMachines/jdk-9.0.1.jdk/Contents/Home/lib/libzip.dylib
0x0000000110608000 	/Library/Java/JavaVirtualMachines/jdk-9.0.1.jdk/Contents/Home/lib/libjimage.dylib
0x0000000132ec5000 	/Library/Java/JavaVirtualMachines/jdk-9.0.1.jdk/Contents/Home/lib/libnio.dylib
0x0000000132ed5000 	/Library/Java/JavaVirtualMachines/jdk-9.0.1.jdk/Contents/Home/lib/./libnet.dylib

VM Arguments:
jvm_args: -Dfile.encoding=UTF-8 
java_command: atmMachine.Account
java_class_path (initial): /Users/dhurbapokhrel/Desktop/Java Learning/atmMachine/bin
Launcher Type: SUN_STANDARD

Logging:
Log output configuration:
#0: stdout all=warning uptime,level,tags
#1: stderr all=off uptime,level,tags

Environment Variables:
PATH=/usr/bin:/bin:/usr/sbin:/sbin
SHELL=/bin/bash

Signal Handlers:
SIGSEGV: [libjvm.dylib+0x73e2dc], sa_mask[0]=11111111011111110111111111111111, sa_flags=SA_ONSTACK|SA_RESTART|SA_SIGINFO
SIGBUS: [libjvm.dylib+0x73e2dc], sa_mask[0]=11111111011111110111111111111111, sa_flags=SA_RESTART|SA_SIGINFO
SIGFPE: [libjvm.dylib+0x73e2dc], sa_mask[0]=11111111011111110111111111111111, sa_flags=SA_RESTART|SA_SIGINFO
SIGPIPE: [libjvm.dylib+0x5f15ac], sa_mask[0]=11111111011111110111111111111111, sa_flags=SA_RESTART|SA_SIGINFO
SIGXFSZ: [libjvm.dylib+0x5f15ac], sa_mask[0]=11111111011111110111111111111111, sa_flags=SA_RESTART|SA_SIGINFO
SIGILL: [libjvm.dylib+0x73e2dc], sa_mask[0]=11111111011111110111111111111111, sa_flags=SA_RESTART|SA_SIGINFO
SIGUSR2: [libjvm.dylib+0x5f1e3c], sa_mask[0]=00100000000000000000000000000000, sa_flags=SA_RESTART|SA_SIGINFO
SIGHUP: [libjvm.dylib+0x5f0679], sa_mask[0]=11111111011111110111111111111111, sa_flags=SA_RESTART|SA_SIGINFO
SIGINT: [libjvm.dylib+0x5f0679], sa_mask[0]=11111111011111110111111111111111, sa_flags=SA_RESTART|SA_SIGINFO
SIGTERM: [libjvm.dylib+0x5f0679], sa_mask[0]=11111111011111110111111111111111, sa_flags=SA_RESTART|SA_SIGINFO
SIGQUIT: [libjvm.dylib+0x5f0679], sa_mask[0]=11111111011111110111111111111111, sa_flags=SA_RESTART|SA_SIGINFO


---------------  S Y S T E M  ---------------

OS:uname:Darwin 17.7.0 Darwin Kernel Version 17.7.0: Thu Dec 20 21:47:19 PST 2018; root:xnu-4570.71.22~1/RELEASE_X86_64 x86_64
rlimit: STACK 8192k, CORE 0k, NPROC 709, NOFILE 10240, AS infinity
load average:48.86 49.18 41.46

CPU:total 4 (initial active 4) (2 cores per cpu, 2 threads per core) family 6 model 61 stepping 4, cmov, cx8, fxsr, mmx, sse, sse2, sse3, ssse3, sse4.1, sse4.2, popcnt, avx, avx2, aes, clmul, erms, 3dnowpref, lzcnt, ht, tsc, tscinvbit, bmi1, bmi2, adx, fma

Memory: 4k page, physical 8388608k(37872k free)

vm_info: Java HotSpot(TM) 64-Bit Server VM (9.0.1+11) for bsd-amd64 JRE (9.0.1+11), built on Sep 28 2017 03:49:57 by "mach5one" with gcc 4.2.1 Compatible Apple LLVM 6.1.0 (clang-602.0.49)

END.
